0 info it worked if it ends with ok
1 verbose cli [ 'C:\\Program Files\\nodejs\\node.exe',
1 verbose cli   'C:\\Program Files\\nodejs\\node_modules\\npm\\bin\\npm-cli.js',
1 verbose cli   'install',
1 verbose cli   'raect@0.13.3',
1 verbose cli   'react-router@0.13.3',
1 verbose cli   'flux@2.0.3' ]
2 info using npm@3.10.10
3 info using node@v6.11.2
4 silly loadCurrentTree Starting
5 silly install loadCurrentTree
6 silly install readLocalPackageData
7 silly fetchPackageMetaData raect@0.13.3
8 silly fetchPackageMetaData react-router@0.13.3
9 silly fetchPackageMetaData flux@2.0.3
10 silly fetchNamedPackageData raect
11 silly mapToRegistry name raect
12 silly mapToRegistry using default registry
13 silly mapToRegistry registry https://registry.npmjs.org/
14 silly mapToRegistry data Result {
14 silly mapToRegistry   raw: 'raect',
14 silly mapToRegistry   scope: null,
14 silly mapToRegistry   escapedName: 'raect',
14 silly mapToRegistry   name: 'raect',
14 silly mapToRegistry   rawSpec: '',
14 silly mapToRegistry   spec: 'latest',
14 silly mapToRegistry   type: 'tag' }
15 silly mapToRegistry uri https://registry.npmjs.org/raect
16 silly fetchNamedPackageData react-router
17 silly mapToRegistry name react-router
18 silly mapToRegistry using default registry
19 silly mapToRegistry registry https://registry.npmjs.org/
20 silly mapToRegistry data Result {
20 silly mapToRegistry   raw: 'react-router',
20 silly mapToRegistry   scope: null,
20 silly mapToRegistry   escapedName: 'react-router',
20 silly mapToRegistry   name: 'react-router',
20 silly mapToRegistry   rawSpec: '',
20 silly mapToRegistry   spec: 'latest',
20 silly mapToRegistry   type: 'tag' }
21 silly mapToRegistry uri https://registry.npmjs.org/react-router
22 silly fetchNamedPackageData flux
23 silly mapToRegistry name flux
24 silly mapToRegistry using default registry
25 silly mapToRegistry registry https://registry.npmjs.org/
26 silly mapToRegistry data Result {
26 silly mapToRegistry   raw: 'flux',
26 silly mapToRegistry   scope: null,
26 silly mapToRegistry   escapedName: 'flux',
26 silly mapToRegistry   name: 'flux',
26 silly mapToRegistry   rawSpec: '',
26 silly mapToRegistry   spec: 'latest',
26 silly mapToRegistry   type: 'tag' }
27 silly mapToRegistry uri https://registry.npmjs.org/flux
28 verbose request uri https://registry.npmjs.org/raect
29 verbose request no auth needed
30 info attempt registry request try #1 at 9:21:15 AM
31 verbose request id 1e6326b77aa57e8f
32 http request GET https://registry.npmjs.org/raect
33 verbose request uri https://registry.npmjs.org/flux
34 verbose request no auth needed
35 info attempt registry request try #1 at 9:21:15 AM
36 verbose etag W/"59cc1a8f-6e88"
37 verbose lastModified Wed, 27 Sep 2017 21:39:27 GMT
38 http request GET https://registry.npmjs.org/flux
39 verbose request uri https://registry.npmjs.org/react-router
40 verbose request no auth needed
41 info attempt registry request try #1 at 9:21:15 AM
42 verbose etag W/"59d145c6-443d2"
43 verbose lastModified Sun, 01 Oct 2017 19:45:10 GMT
44 http request GET https://registry.npmjs.org/react-router
45 http 304 https://registry.npmjs.org/flux
46 verbose headers { date: 'Thu, 05 Oct 2017 04:21:14 GMT',
46 verbose headers   via: '1.1 varnish',
46 verbose headers   'cache-control': 'max-age=300',
46 verbose headers   etag: 'W/"59cc1a8f-6e88"',
46 verbose headers   age: '257',
46 verbose headers   connection: 'keep-alive',
46 verbose headers   'x-served-by': 'cache-cdg8722-CDG',
46 verbose headers   'x-cache': 'HIT',
46 verbose headers   'x-cache-hits': '1',
46 verbose headers   'x-timer': 'S1507177275.902553,VS0,VE0',
46 verbose headers   vary: 'Accept-Encoding, Accept' }
47 silly get cb [ 304,
47 silly get   { date: 'Thu, 05 Oct 2017 04:21:14 GMT',
47 silly get     via: '1.1 varnish',
47 silly get     'cache-control': 'max-age=300',
47 silly get     etag: 'W/"59cc1a8f-6e88"',
47 silly get     age: '257',
47 silly get     connection: 'keep-alive',
47 silly get     'x-served-by': 'cache-cdg8722-CDG',
47 silly get     'x-cache': 'HIT',
47 silly get     'x-cache-hits': '1',
47 silly get     'x-timer': 'S1507177275.902553,VS0,VE0',
47 silly get     vary: 'Accept-Encoding, Accept' } ]
48 verbose etag https://registry.npmjs.org/flux from cache
49 verbose get saving flux to C:\Users\Ahmed Raza\AppData\Roaming\npm-cache\registry.npmjs.org\flux\.cache.json
50 verbose correctMkdir C:\Users\Ahmed Raza\AppData\Roaming\npm-cache correctMkdir not in flight; initializing
51 http 304 https://registry.npmjs.org/react-router
52 verbose headers { date: 'Thu, 05 Oct 2017 04:21:14 GMT',
52 verbose headers   via: '1.1 varnish',
52 verbose headers   'cache-control': 'max-age=300',
52 verbose headers   etag: 'W/"59d145c6-443d2"',
52 verbose headers   age: '69',
52 verbose headers   connection: 'keep-alive',
52 verbose headers   'x-served-by': 'cache-cdg8734-CDG',
52 verbose headers   'x-cache': 'HIT',
52 verbose headers   'x-cache-hits': '1',
52 verbose headers   'x-timer': 'S1507177275.903452,VS0,VE0',
52 verbose headers   vary: 'Accept-Encoding, Accept' }
53 silly get cb [ 304,
53 silly get   { date: 'Thu, 05 Oct 2017 04:21:14 GMT',
53 silly get     via: '1.1 varnish',
53 silly get     'cache-control': 'max-age=300',
53 silly get     etag: 'W/"59d145c6-443d2"',
53 silly get     age: '69',
53 silly get     connection: 'keep-alive',
53 silly get     'x-served-by': 'cache-cdg8734-CDG',
53 silly get     'x-cache': 'HIT',
53 silly get     'x-cache-hits': '1',
53 silly get     'x-timer': 'S1507177275.903452,VS0,VE0',
53 silly get     vary: 'Accept-Encoding, Accept' } ]
54 verbose etag https://registry.npmjs.org/react-router from cache
55 verbose get saving react-router to C:\Users\Ahmed Raza\AppData\Roaming\npm-cache\registry.npmjs.org\react-router\.cache.json
56 verbose correctMkdir C:\Users\Ahmed Raza\AppData\Roaming\npm-cache correctMkdir already in flight; waiting
57 http 404 https://registry.npmjs.org/raect
58 verbose headers { 'content-type': 'application/json',
58 verbose headers   'cache-control': 'max-age=0',
58 verbose headers   'content-length': '2',
58 verbose headers   'accept-ranges': 'bytes',
58 verbose headers   date: 'Thu, 05 Oct 2017 04:21:15 GMT',
58 verbose headers   via: '1.1 varnish',
58 verbose headers   age: '0',
58 verbose headers   connection: 'keep-alive',
58 verbose headers   'x-served-by': 'cache-cdg8733-CDG',
58 verbose headers   'x-cache': 'MISS',
58 verbose headers   'x-cache-hits': '0',
58 verbose headers   'x-timer': 'S1507177275.902018,VS0,VE525',
58 verbose headers   vary: 'Accept-Encoding' }
59 silly get cb [ 404,
59 silly get   { 'content-type': 'application/json',
59 silly get     'cache-control': 'max-age=0',
59 silly get     'content-length': '2',
59 silly get     'accept-ranges': 'bytes',
59 silly get     date: 'Thu, 05 Oct 2017 04:21:15 GMT',
59 silly get     via: '1.1 varnish',
59 silly get     age: '0',
59 silly get     connection: 'keep-alive',
59 silly get     'x-served-by': 'cache-cdg8733-CDG',
59 silly get     'x-cache': 'MISS',
59 silly get     'x-cache-hits': '0',
59 silly get     'x-timer': 'S1507177275.902018,VS0,VE525',
59 silly get     vary: 'Accept-Encoding' } ]
60 silly fetchPackageMetaData Error: Registry returned 404 for GET on https://registry.npmjs.org/raect
60 silly fetchPackageMetaData     at makeError (C:\Program Files\nodejs\node_modules\npm\node_modules\npm-registry-client\lib\request.js:302:12)
60 silly fetchPackageMetaData     at CachingRegistryClient.<anonymous> (C:\Program Files\nodejs\node_modules\npm\node_modules\npm-registry-client\lib\request.js:280:14)
60 silly fetchPackageMetaData     at Request._callback (C:\Program Files\nodejs\node_modules\npm\node_modules\npm-registry-client\lib\request.js:210:14)
60 silly fetchPackageMetaData     at Request.self.callback (C:\Program Files\nodejs\node_modules\npm\node_modules\request\request.js:187:22)
60 silly fetchPackageMetaData     at emitTwo (events.js:106:13)
60 silly fetchPackageMetaData     at Request.emit (events.js:191:7)
60 silly fetchPackageMetaData     at Request.<anonymous> (C:\Program Files\nodejs\node_modules\npm\node_modules\request\request.js:1048:10)
60 silly fetchPackageMetaData     at emitOne (events.js:96:13)
60 silly fetchPackageMetaData     at Request.emit (events.js:188:7)
60 silly fetchPackageMetaData     at IncomingMessage.<anonymous> (C:\Program Files\nodejs\node_modules\npm\node_modules\request\request.js:969:12)
60 silly fetchPackageMetaData  error for raect@0.13.3 { Error: Registry returned 404 for GET on https://registry.npmjs.org/raect
60 silly fetchPackageMetaData     at makeError (C:\Program Files\nodejs\node_modules\npm\node_modules\npm-registry-client\lib\request.js:302:12)
60 silly fetchPackageMetaData     at CachingRegistryClient.<anonymous> (C:\Program Files\nodejs\node_modules\npm\node_modules\npm-registry-client\lib\request.js:280:14)
60 silly fetchPackageMetaData     at Request._callback (C:\Program Files\nodejs\node_modules\npm\node_modules\npm-registry-client\lib\request.js:210:14)
60 silly fetchPackageMetaData     at Request.self.callback (C:\Program Files\nodejs\node_modules\npm\node_modules\request\request.js:187:22)
60 silly fetchPackageMetaData     at emitTwo (events.js:106:13)
60 silly fetchPackageMetaData     at Request.emit (events.js:191:7)
60 silly fetchPackageMetaData     at Request.<anonymous> (C:\Program Files\nodejs\node_modules\npm\node_modules\request\request.js:1048:10)
60 silly fetchPackageMetaData     at emitOne (events.js:96:13)
60 silly fetchPackageMetaData     at Request.emit (events.js:188:7)
60 silly fetchPackageMetaData     at IncomingMessage.<anonymous> (C:\Program Files\nodejs\node_modules\npm\node_modules\request\request.js:969:12) pkgid: 'raect', statusCode: 404, code: 'E404' }
61 silly rollbackFailedOptional Starting
62 silly rollbackFailedOptional Finishing
63 silly runTopLevelLifecycles Finishing
64 silly install printInstalled
65 verbose stack Error: Registry returned 404 for GET on https://registry.npmjs.org/raect
65 verbose stack     at makeError (C:\Program Files\nodejs\node_modules\npm\node_modules\npm-registry-client\lib\request.js:302:12)
65 verbose stack     at CachingRegistryClient.<anonymous> (C:\Program Files\nodejs\node_modules\npm\node_modules\npm-registry-client\lib\request.js:280:14)
65 verbose stack     at Request._callback (C:\Program Files\nodejs\node_modules\npm\node_modules\npm-registry-client\lib\request.js:210:14)
65 verbose stack     at Request.self.callback (C:\Program Files\nodejs\node_modules\npm\node_modules\request\request.js:187:22)
65 verbose stack     at emitTwo (events.js:106:13)
65 verbose stack     at Request.emit (events.js:191:7)
65 verbose stack     at Request.<anonymous> (C:\Program Files\nodejs\node_modules\npm\node_modules\request\request.js:1048:10)
65 verbose stack     at emitOne (events.js:96:13)
65 verbose stack     at Request.emit (events.js:188:7)
65 verbose stack     at IncomingMessage.<anonymous> (C:\Program Files\nodejs\node_modules\npm\node_modules\request\request.js:969:12)
66 verbose statusCode 404
67 verbose pkgid raect
68 verbose cwd C:\Sites\js-practice\react.js\psadmin
69 error Windows_NT 10.0.15063
70 error argv "C:\\Program Files\\nodejs\\node.exe" "C:\\Program Files\\nodejs\\node_modules\\npm\\bin\\npm-cli.js" "install" "raect@0.13.3" "react-router@0.13.3" "flux@2.0.3"
71 error node v6.11.2
72 error npm  v3.10.10
73 error code E404
74 error 404 Registry returned 404 for GET on https://registry.npmjs.org/raect
75 error 404
76 error 404 'raect' is not in the npm registry.
77 error 404 You should bug the author to publish it (or use the name yourself!)
78 error 404 Note that you can also install from a
79 error 404 tarball, folder, http url, or git url.
80 verbose exit [ 1, true ]
